# JRE version: Java(TM) SE Runtime Environment (8.0_51-b16) (build 1.8.0_51-b16)
# Java VM: Java HotSpot(TM) 64-Bit Server VM (25.51-b03 mixed mode windows-amd64 compressed oops)
Heap:
 PSYoungGen      total 295424K, used 87490K [0x00000000d5c00000, 0x00000000f0300000, 0x0000000100000000)
  eden space 261120K, 20% used [0x00000000d5c00000,0x00000000d8ff4870,0x00000000e5b00000)
  from space 34304K, 99% used [0x00000000e5b00000,0x00000000e7c7c360,0x00000000e7c80000)
  to   space 40448K, 0% used [0x00000000edb80000,0x00000000edb80000,0x00000000f0300000)
 ParOldGen       total 96768K, used 23539K [0x0000000081400000, 0x0000000087280000, 0x00000000d5c00000)
  object space 96768K, 24% used [0x0000000081400000,0x0000000082afcd20,0x0000000087280000)
 Metaspace       used 57612K, capacity 58636K, committed 59028K, reserved 1101824K
  class space    used 6506K, capacity 6789K, committed 6912K, reserved 1048576K
GC Heap History (10 events):
Event: 13.877 GC heap before
{Heap before GC invocations=13 (full 1):
 PSYoungGen      total 169984K, used 169967K [0x00000000d5c00000, 0x00000000e5b80000, 0x0000000100000000)
  eden space 142848K, 100% used [0x00000000d5c00000,0x00000000de780000,0x00000000de780000)
  from space 27136K, 99% used [0x00000000de780000,0x00000000e01fbc30,0x00000000e0200000)
  to   space 33280K, 0% used [0x00000000e3b00000,0x00000000e3b00000,0x00000000e5b80000)
 ParOldGen       total 76800K, used 42942K [0x0000000081400000, 0x0000000085f00000, 0x00000000d5c00000)
  object space 76800K, 55% used [0x0000000081400000,0x0000000083def950,0x0000000085f00000)
 Metaspace       used 22017K, capacity 22586K, committed 23040K, reserved 1069056K
  class space    used 2497K, capacity 2689K, committed 2816K, reserved 1048576K
Event: 13.911 GC heap after
Heap after GC invocations=13 (full 1):
 PSYoungGen      total 226304K, used 25983K [0x00000000d5c00000, 0x00000000e6080000, 0x0000000100000000)
  eden space 193024K, 0% used [0x00000000d5c00000,0x00000000d5c00000,0x00000000e1880000)
  from space 33280K, 78% used [0x00000000e3b00000,0x00000000e545ff30,0x00000000e5b80000)
  to   space 35328K, 0% used [0x00000000e1880000,0x00000000e1880000,0x00000000e3b00000)
 ParOldGen       total 76800K, used 43822K [0x0000000081400000, 0x0000000085f00000, 0x00000000d5c00000)
  object space 76800K, 57% used [0x0000000081400000,0x0000000083ecb960,0x0000000085f00000)
 Metaspace       used 22017K, capacity 22586K, committed 23040K, reserved 1069056K
  class space    used 2497K, capacity 2689K, committed 2816K, reserved 1048576K
}
Event: 15.525 GC heap before
{Heap before GC invocations=14 (full 1):
 PSYoungGen      total 226304K, used 219007K [0x00000000d5c00000, 0x00000000e6080000, 0x0000000100000000)
  eden space 193024K, 100% used [0x00000000d5c00000,0x00000000e1880000,0x00000000e1880000)
  from space 33280K, 78% used [0x00000000e3b00000,0x00000000e545ff30,0x00000000e5b80000)
  to   space 35328K, 0% used [0x00000000e1880000,0x00000000e1880000,0x00000000e3b00000)
 ParOldGen       total 76800K, used 43822K [0x0000000081400000, 0x0000000085f00000, 0x00000000d5c00000)
  object space 76800K, 57% used [0x0000000081400000,0x0000000083ecb960,0x0000000085f00000)
 Metaspace       used 33076K, capacity 33730K, committed 34048K, reserved 1079296K
  class space    used 3847K, capacity 4045K, committed 4096K, reserved 1048576K
Event: 15.539 GC heap after
Heap after GC invocations=14 (full 1):
 PSYoungGen      total 228352K, used 12358K [0x00000000d5c00000, 0x00000000e9e00000, 0x0000000100000000)
  eden space 193024K, 0% used [0x00000000d5c00000,0x00000000d5c00000,0x00000000e1880000)
  from space 35328K, 34% used [0x00000000e1880000,0x00000000e24919c0,0x00000000e3b00000)
  to   space 34304K, 0% used [0x00000000e7c80000,0x00000000e7c80000,0x00000000e9e00000)
 ParOldGen       total 76800K, used 44760K [0x0000000081400000, 0x0000000085f00000, 0x00000000d5c00000)
  object space 76800K, 58% used [0x0000000081400000,0x0000000083fb62b8,0x0000000085f00000)
 Metaspace       used 33076K, capacity 33730K, committed 34048K, reserved 1079296K
  class space    used 3847K, capacity 4045K, committed 4096K, reserved 1048576K
}
Event: 15.842 GC heap before
{Heap before GC invocations=15 (full 1):
 PSYoungGen      total 228352K, used 39242K [0x00000000d5c00000, 0x00000000e9e00000, 0x0000000100000000)
  eden space 193024K, 13% used [0x00000000d5c00000,0x00000000d7640ec8,0x00000000e1880000)
  from space 35328K, 34% used [0x00000000e1880000,0x00000000e24919c0,0x00000000e3b00000)
  to   space 34304K, 0% used [0x00000000e7c80000,0x00000000e7c80000,0x00000000e9e00000)
 ParOldGen       total 76800K, used 44760K [0x0000000081400000, 0x0000000085f00000, 0x00000000d5c00000)
  object space 76800K, 58% used [0x0000000081400000,0x0000000083fb62b8,0x0000000085f00000)
 Metaspace       used 34467K, capacity 35112K, committed 35416K, reserved 1081344K
  class space    used 4010K, capacity 4206K, committed 4224K, reserved 1048576K
Event: 15.848 GC heap after
Heap after GC invocations=15 (full 1):
 PSYoungGen      total 295424K, used 2189K [0x00000000d5c00000, 0x00000000e9f00000, 0x0000000100000000)
  eden space 261120K, 0% used [0x00000000d5c00000,0x00000000d5c00000,0x00000000e5b00000)
  from space 34304K, 6% used [0x00000000e7c80000,0x00000000e7ea37c8,0x00000000e9e00000)
  to   space 34304K, 0% used [0x00000000e5b00000,0x00000000e5b00000,0x00000000e7c80000)
 ParOldGen       total 76800K, used 48953K [0x0000000081400000, 0x0000000085f00000, 0x00000000d5c00000)
  object space 76800K, 63% used [0x0000000081400000,0x00000000843ce428,0x0000000085f00000)
 Metaspace       used 34467K, capacity 35112K, committed 35416K, reserved 1081344K
  class space    used 4010K, capacity 4206K, committed 4224K, reserved 1048576K
}
Event: 15.848 GC heap before
{Heap before GC invocations=16 (full 2):
 PSYoungGen      total 295424K, used 2189K [0x00000000d5c00000, 0x00000000e9f00000, 0x0000000100000000)
  eden space 261120K, 0% used [0x00000000d5c00000,0x00000000d5c00000,0x00000000e5b00000)
  from space 34304K, 6% used [0x00000000e7c80000,0x00000000e7ea37c8,0x00000000e9e00000)
  to   space 34304K, 0% used [0x00000000e5b00000,0x00000000e5b00000,0x00000000e7c80000)
 ParOldGen       total 76800K, used 48953K [0x0000000081400000, 0x0000000085f00000, 0x00000000d5c00000)
  object space 76800K, 63% used [0x0000000081400000,0x00000000843ce428,0x0000000085f00000)
 Metaspace       used 34467K, capacity 35112K, committed 35416K, reserved 1081344K
  class space    used 4010K, capacity 4206K, committed 4224K, reserved 1048576K
Event: 15.913 GC heap after
Heap after GC invocations=16 (full 2):
 PSYoungGen      total 295424K, used 0K [0x00000000d5c00000, 0x00000000e9f00000, 0x0000000100000000)
  eden space 261120K, 0% used [0x00000000d5c00000,0x00000000d5c00000,0x00000000e5b00000)
  from space 34304K, 0% used [0x00000000e7c80000,0x00000000e7c80000,0x00000000e9e00000)
  to   space 34304K, 0% used [0x00000000e5b00000,0x00000000e5b00000,0x00000000e7c80000)
 ParOldGen       total 96768K, used 21682K [0x0000000081400000, 0x0000000087280000, 0x00000000d5c00000)
  object space 96768K, 22% used [0x0000000081400000,0x000000008292cae0,0x0000000087280000)
 Metaspace       used 34467K, capacity 35112K, committed 35416K, reserved 1081344K
  class space    used 4010K, capacity 4206K, committed 4224K, reserved 1048576K
}
Event: 66.048 GC heap before
{Heap before GC invocations=17 (full 2):
 PSYoungGen      total 295424K, used 261120K [0x00000000d5c00000, 0x00000000e9f00000, 0x0000000100000000)
  eden space 261120K, 100% used [0x00000000d5c00000,0x00000000e5b00000,0x00000000e5b00000)
  from space 34304K, 0% used [0x00000000e7c80000,0x00000000e7c80000,0x00000000e9e00000)
  to   space 34304K, 0% used [0x00000000e5b00000,0x00000000e5b00000,0x00000000e7c80000)
 ParOldGen       total 96768K, used 21682K [0x0000000081400000, 0x0000000087280000, 0x00000000d5c00000)
  object space 96768K, 22% used [0x0000000081400000,0x000000008292cae0,0x0000000087280000)
 Metaspace       used 56034K, capacity 56986K, committed 57432K, reserved 1099776K
  class space    used 6381K, capacity 6669K, committed 6784K, reserved 1048576K
Event: 66.087 GC heap after
Heap after GC invocations=17 (full 2):
 PSYoungGen      total 295424K, used 34288K [0x00000000d5c00000, 0x00000000f0300000, 0x0000000100000000)
  eden space 261120K, 0% used [0x00000000d5c00000,0x00000000d5c00000,0x00000000e5b00000)
  from space 34304K, 99% used [0x00000000e5b00000,0x00000000e7c7c360,0x00000000e7c80000)
  to   space 40448K, 0% used [0x00000000edb80000,0x00000000edb80000,0x00000000f0300000)
 ParOldGen       total 96768K, used 23539K [0x0000000081400000, 0x0000000087280000, 0x00000000d5c00000)
  object space 96768K, 24% used [0x0000000081400000,0x0000000082afcd20,0x0000000087280000)
 Metaspace       used 56034K, capacity 56986K, committed 57432K, reserved 1099776K
  class space    used 6381K, capacity 6669K, committed 6784K, reserved 1048576K
}

